# configure exec: ./configure --prefix=/home/maoz/Documents/Ariel/BigDataProjectDemo/node_modules/node-rdkafka/build/deps --libdir=/home/maoz/Documents/Ariel/BigDataProjectDemo/node_modules/node-rdkafka/build/deps --prefix=/home/maoz/Documents/Ariel/BigDataProjectDemo/node_modules/node-rdkafka/build/deps --libdir=/home/maoz/Documents/Ariel/BigDataProjectDemo/node_modules/node-rdkafka/build/deps
# On ב' ספט 21 22:08:02 IDT 2020
DBG 11342: Setting distro (distro) status to ok (action ignore)
DBG 11342: ccenv: WITH_CC:  --version failed: mklove/modules/configure.base: line 1747: --version: command not found
DBG 11342: Setting ccenv (ccenv) status to failed (action cont)
DBG 11342: Check ccenv (WITH_CC, action cont (originally cont)) failed: command ' --version' failed:
mklove/modules/configure.base: line 1747: --version: command not found
DBG 11342: Setting gcc (gcc) status to ok (action cont)
DBG 11342: cxxenv: WITH_CXX:  --version failed: mklove/modules/configure.base: line 1747: --version: command not found
DBG 11342: Setting cxxenv (cxxenv) status to failed (action cont)
DBG 11342: Check cxxenv (WITH_CXX, action cont (originally cont)) failed: command ' --version' failed:
mklove/modules/configure.base: line 1747: --version: command not found
DBG 11342: Setting gxx (gxx) status to ok (action cont)
DBG 11342: Setting ld (ld) status to ok (action disable)
DBG 11342: Setting nm (nm) status to ok (action disable)
DBG 11342: Setting objdump (objdump) status to ok (action disable)
DBG 11342: Setting strip (strip) status to ok (action disable)
DBG 11342: libtool: : libtool is not executable: 
DBG 11342: Setting libtool (libtool) status to failed (action disable)
DBG 11342: Check libtool (, action disable (originally disable)) failed: libtool is not executable
DBG 11342: pkgconfig: WITH_PKGCONFIG: pkg-config --version failed: mklove/modules/configure.base: line 1747: pkg-config: command not found
DBG 11342: Setting pkgconfig (pkgconfig) status to failed (action cont)
DBG 11342: Check pkgconfig (WITH_PKGCONFIG, action cont (originally cont)) failed: command 'pkg-config --version' failed:
mklove/modules/configure.base: line 1747: pkg-config: command not found
DBG 11342: Setting install (install) status to ok (action cont)
DBG 11342: Compile check PIC (HAVE_PIC) (sub=0): gcc  -g -O2 -Wall -Werror _mkltmpKqPLVp.c -o _mkltmpKqPLVp.c.o  -L/home/maoz/Documents/Ariel/BigDataProjectDemo/node_modules/node-rdkafka/build/deps -fPIC
DBG 11342: Setting PIC (PIC) status to ok (action disable)
DBG 11342: Compile check gnulib (WITH_GNULD) (sub=0): gcc  -g -O2 -fPIC -Wall -Werror _mkltmpYo0YGn.c -o _mkltmpYo0YGn.c.o  -L/home/maoz/Documents/Ariel/BigDataProjectDemo/node_modules/node-rdkafka/build/deps -shared -Wl,-soname,mkltest.0
DBG 11342: Setting gnulib (gnulib) status to ok (action cont)
DBG 11342: Compile check ldsflagvs () (sub=0): gcc  -g -O2 -fPIC -Wall -Werror _mkltmpbsHdSp.c -o _mkltmpbsHdSp.c.o  -L/home/maoz/Documents/Ariel/BigDataProjectDemo/node_modules/node-rdkafka/build/deps -shared -Wl,--version-script=_mkltmpEUtWEq
DBG 11342: Setting ldsflagvs (ldsflagvs) status to ok (action cont)
DBG 11342: Compile check __atomic_32 (HAVE_ATOMICS_32) (sub=0): gcc  -g -O2 -fPIC -Wall -Werror _mkltmpxlTHdF.c -o _mkltmpxlTHdF.c.o  -L/home/maoz/Documents/Ariel/BigDataProjectDemo/node_modules/node-rdkafka/build/deps 
DBG 11342: Setting __atomic_32 (__atomic_32) status to ok (action cont)
DBG 11342: Compile check __atomic_64 (HAVE_ATOMICS_64) (sub=0): gcc  -g -O2 -fPIC -Wall -Werror _mkltmpsj1eWe.c -o _mkltmpsj1eWe.c.o  -L/home/maoz/Documents/Ariel/BigDataProjectDemo/node_modules/node-rdkafka/build/deps 
DBG 11342: Setting __atomic_64 (__atomic_64) status to ok (action cont)
DBG 11342: Compile check socket () (sub=0): gcc  -g -O2 -fPIC -Wall -Wsign-compare -Wfloat-equal -Wpointer-arith -Wcast-align -Wall -Werror _mkltmpuvm0mt.c -o _mkltmpuvm0mt.c.o  -L/home/maoz/Documents/Ariel/BigDataProjectDemo/node_modules/node-rdkafka/build/deps 
DBG 11342: Setting socket (socket) status to ok (action cont)
DBG 11342: Setting parseversion (parseversion) status to ok (action cont)
DBG 11342: librt: Check for static library (libs -lrt, arfile variable STATIC_LIB_librt=, static filenames )
DBG 11342: Compile check librt () (sub=0): gcc  -g -O2 -fPIC -Wall -Wsign-compare -Wfloat-equal -Wpointer-arith -Wcast-align -Wall -Werror _mkltmp5ES4sn.c -o _mkltmp5ES4sn.c.o  -L/home/maoz/Documents/Ariel/BigDataProjectDemo/node_modules/node-rdkafka/build/deps -lrt
DBG 11342: Setting librt (librt) status to ok (action cont)
DBG 11342: librt: from lib_check: LIBS: prepend -lrt
DBG 11342: libpthread: Check for static library (libs -lpthread, arfile variable STATIC_LIB_libpthread=, static filenames )
DBG 11342: Compile check libpthread () (sub=0): gcc  -g -O2 -fPIC -Wall -Wsign-compare -Wfloat-equal -Wpointer-arith -Wcast-align -Wall -Werror _mkltmpPyjxUV.c -o _mkltmpPyjxUV.c.o  -L/home/maoz/Documents/Ariel/BigDataProjectDemo/node_modules/node-rdkafka/build/deps -lpthread
DBG 11342: Setting libpthread (libpthread) status to ok (action fail)
DBG 11342: libpthread: from lib_check: LIBS: prepend -lpthread
DBG 11342: c11threads: Check for static library (libs -lpthread -lrt, arfile variable STATIC_LIB_c11threads=, static filenames )
DBG 11342: Compile check c11threads (WITH_C11THREADS) (sub=0): gcc  -g -O2 -fPIC -Wall -Wsign-compare -Wfloat-equal -Wpointer-arith -Wcast-align -Wall -Werror _mkltmp3B2nwc.c -o _mkltmp3B2nwc.c.o  -L/home/maoz/Documents/Ariel/BigDataProjectDemo/node_modules/node-rdkafka/build/deps -lpthread -lrt
DBG 11342: compile check for c11threads (WITH_C11THREADS) failed: gcc  -g -O2 -fPIC -Wall -Wsign-compare -Wfloat-equal -Wpointer-arith -Wcast-align -Wall -Werror _mkltmp3B2nwc.c -o _mkltmp3B2nwc.c.o  -L/home/maoz/Documents/Ariel/BigDataProjectDemo/node_modules/node-rdkafka/build/deps -lpthread -lrt: _mkltmp3B2nwc.c:2:10: fatal error: threads.h: No such file or directory
 #include <threads.h>
          ^~~~~~~~~~~
compilation terminated.
DBG 11342: Setting c11threads (c11threads) status to failed (action disable)
DBG 11342: Check c11threads (WITH_C11THREADS, action disable (originally disable)) failed: compile check failed:
CC: CC
flags: -lpthread -lrt
gcc  -g -O2 -fPIC -Wall -Wsign-compare -Wfloat-equal -Wpointer-arith -Wcast-align -Wall -Werror _mkltmp3B2nwc.c -o _mkltmp3B2nwc.c.o  -L/home/maoz/Documents/Ariel/BigDataProjectDemo/node_modules/node-rdkafka/build/deps -lpthread -lrt:
_mkltmp3B2nwc.c:2:10: fatal error: threads.h: No such file or directory
 #include <threads.h>
          ^~~~~~~~~~~
compilation terminated.
source: 
#include <threads.h>


static int start_func (void *arg) {
   int iarg = *(int *)arg;
   return iarg;
}

void foo (void) {
    thrd_t thr;
    int arg = 1;
    if (thrd_create(&thr, start_func, (void *)&arg) != thrd_success) {
      ;
    }
}

DBG 11342: libdl: Check for static library (libs -ldl, arfile variable STATIC_LIB_libdl=, static filenames )
DBG 11342: Compile check libdl (WITH_LIBDL) (sub=0): gcc  -g -O2 -fPIC -Wall -Wsign-compare -Wfloat-equal -Wpointer-arith -Wcast-align -Wall -Werror _mkltmpFC5RXG.c -o _mkltmpFC5RXG.c.o  -L/home/maoz/Documents/Ariel/BigDataProjectDemo/node_modules/node-rdkafka/build/deps -ldl
DBG 11342: Setting libdl (libdl) status to ok (action disable)
DBG 11342: libdl: from lib_check: LIBS: prepend -ldl
DBG 11342: zlib: Check for static library (libs -lz, arfile variable STATIC_LIB_zlib=, static filenames libz.a)
DBG 11342: Compile check zlib (WITH_ZLIB) (sub=0): gcc  -g -O2 -fPIC -Wall -Wsign-compare -Wfloat-equal -Wpointer-arith -Wcast-align -Wall -Werror _mkltmp0giust.c -o _mkltmp0giust.c.o  -L/home/maoz/Documents/Ariel/BigDataProjectDemo/node_modules/node-rdkafka/build/deps -lz
DBG 11342: compile check for zlib (WITH_ZLIB) failed: gcc  -g -O2 -fPIC -Wall -Wsign-compare -Wfloat-equal -Wpointer-arith -Wcast-align -Wall -Werror _mkltmp0giust.c -o _mkltmp0giust.c.o  -L/home/maoz/Documents/Ariel/BigDataProjectDemo/node_modules/node-rdkafka/build/deps -lz: _mkltmp0giust.c:2:10: fatal error: zlib.h: No such file or directory
 #include <zlib.h>
          ^~~~~~~~
compilation terminated.
DBG 11342: Setting zlib (zlib) status to failed (action disable)
DBG 11342: Check zlib (WITH_ZLIB, action disable (originally disable)) failed: compile check failed:
CC: CC
flags: -lz
gcc  -g -O2 -fPIC -Wall -Wsign-compare -Wfloat-equal -Wpointer-arith -Wcast-align -Wall -Werror _mkltmp0giust.c -o _mkltmp0giust.c.o  -L/home/maoz/Documents/Ariel/BigDataProjectDemo/node_modules/node-rdkafka/build/deps -lz:
_mkltmp0giust.c:2:10: fatal error: zlib.h: No such file or directory
 #include <zlib.h>
          ^~~~~~~~
compilation terminated.
source: 
#include <zlib.h>

void foo (void) {
     z_stream *p = NULL;
     inflate(p, 0);
}

DBG 11342: libcrypto: Check for static library (libs -lcrypto, arfile variable STATIC_LIB_libcrypto=, static filenames libcrypto.a)
DBG 11342: Compile check libcrypto () (sub=0): gcc  -g -O2 -fPIC -Wall -Wsign-compare -Wfloat-equal -Wpointer-arith -Wcast-align -Wall -Werror _mkltmpVUqvkf.c -o _mkltmpVUqvkf.c.o  -L/home/maoz/Documents/Ariel/BigDataProjectDemo/node_modules/node-rdkafka/build/deps -lcrypto
DBG 11342: Setting libcrypto (libcrypto) status to ok (action disable)
DBG 11342: libcrypto: from lib_check: LIBS: prepend -lcrypto
DBG 11342: libssl: Check for static library (libs -lssl -lcrypto, arfile variable STATIC_LIB_libssl=, static filenames libssl.a)
DBG 11342: Compile check libssl (WITH_SSL) (sub=0): gcc  -g -O2 -fPIC -Wall -Wsign-compare -Wfloat-equal -Wpointer-arith -Wcast-align -Wall -Werror _mkltmprM4rXF.c -o _mkltmprM4rXF.c.o  -L/home/maoz/Documents/Ariel/BigDataProjectDemo/node_modules/node-rdkafka/build/deps -lssl -lcrypto
DBG 11342: Setting libssl (libssl) status to ok (action disable)
DBG 11342: libssl: from lib_check: LIBS: prepend -lssl -lcrypto
DBG 11342: libsasl2: Check for static library (libs -lsasl2, arfile variable STATIC_LIB_libsasl2=, static filenames )
DBG 11342: Compile check libsasl2 (WITH_SASL_CYRUS) (sub=0): gcc  -g -O2 -fPIC -Wall -Wsign-compare -Wfloat-equal -Wpointer-arith -Wcast-align -Wall -Werror _mkltmpMIUFzC.c -o _mkltmpMIUFzC.c.o  -L/home/maoz/Documents/Ariel/BigDataProjectDemo/node_modules/node-rdkafka/build/deps -lsasl2
DBG 11342: compile check for libsasl2 (WITH_SASL_CYRUS) failed: gcc  -g -O2 -fPIC -Wall -Wsign-compare -Wfloat-equal -Wpointer-arith -Wcast-align -Wall -Werror _mkltmpMIUFzC.c -o _mkltmpMIUFzC.c.o  -L/home/maoz/Documents/Ariel/BigDataProjectDemo/node_modules/node-rdkafka/build/deps -lsasl2: _mkltmpMIUFzC.c:1:10: fatal error: sasl/sasl.h: No such file or directory
 #include <sasl/sasl.h>
          ^~~~~~~~~~~~~
compilation terminated.
DBG 11342: Setting libsasl2 (libsasl2) status to failed (action disable)
DBG 11342: Check libsasl2 (WITH_SASL_CYRUS, action disable (originally disable)) failed: compile check failed:
CC: CC
flags: -lsasl2
gcc  -g -O2 -fPIC -Wall -Wsign-compare -Wfloat-equal -Wpointer-arith -Wcast-align -Wall -Werror _mkltmpMIUFzC.c -o _mkltmpMIUFzC.c.o  -L/home/maoz/Documents/Ariel/BigDataProjectDemo/node_modules/node-rdkafka/build/deps -lsasl2:
_mkltmpMIUFzC.c:1:10: fatal error: sasl/sasl.h: No such file or directory
 #include <sasl/sasl.h>
          ^~~~~~~~~~~~~
compilation terminated.
source: #include <sasl/sasl.h>
DBG 11342: libsasl: Check for static library (libs -lsasl, arfile variable STATIC_LIB_libsasl=, static filenames )
DBG 11342: Compile check libsasl (WITH_SASL_CYRUS) (sub=0): gcc  -g -O2 -fPIC -Wall -Wsign-compare -Wfloat-equal -Wpointer-arith -Wcast-align -Wall -Werror _mkltmp4IpyEu.c -o _mkltmp4IpyEu.c.o  -L/home/maoz/Documents/Ariel/BigDataProjectDemo/node_modules/node-rdkafka/build/deps -lsasl
DBG 11342: compile check for libsasl (WITH_SASL_CYRUS) failed: gcc  -g -O2 -fPIC -Wall -Wsign-compare -Wfloat-equal -Wpointer-arith -Wcast-align -Wall -Werror _mkltmp4IpyEu.c -o _mkltmp4IpyEu.c.o  -L/home/maoz/Documents/Ariel/BigDataProjectDemo/node_modules/node-rdkafka/build/deps -lsasl: _mkltmp4IpyEu.c:1:10: fatal error: sasl/sasl.h: No such file or directory
 #include <sasl/sasl.h>
          ^~~~~~~~~~~~~
compilation terminated.
DBG 11342: Setting libsasl (libsasl) status to failed (action disable)
DBG 11342: Check libsasl (WITH_SASL_CYRUS, action disable (originally disable)) failed: compile check failed:
CC: CC
flags: -lsasl
gcc  -g -O2 -fPIC -Wall -Wsign-compare -Wfloat-equal -Wpointer-arith -Wcast-align -Wall -Werror _mkltmp4IpyEu.c -o _mkltmp4IpyEu.c.o  -L/home/maoz/Documents/Ariel/BigDataProjectDemo/node_modules/node-rdkafka/build/deps -lsasl:
_mkltmp4IpyEu.c:1:10: fatal error: sasl/sasl.h: No such file or directory
 #include <sasl/sasl.h>
          ^~~~~~~~~~~~~
compilation terminated.
source: #include <sasl/sasl.h>
DBG 11342: libzstd: Check for static library (libs -lzstd, arfile variable STATIC_LIB_libzstd=, static filenames libzstd.a)
DBG 11342: Compile check libzstd (WITH_ZSTD) (sub=0): gcc  -g -O2 -fPIC -Wall -Wsign-compare -Wfloat-equal -Wpointer-arith -Wcast-align -Wall -Werror _mkltmp4rS5wn.c -o _mkltmp4rS5wn.c.o  -L/home/maoz/Documents/Ariel/BigDataProjectDemo/node_modules/node-rdkafka/build/deps -lzstd
DBG 11342: compile check for libzstd (WITH_ZSTD) failed: gcc  -g -O2 -fPIC -Wall -Wsign-compare -Wfloat-equal -Wpointer-arith -Wcast-align -Wall -Werror _mkltmp4rS5wn.c -o _mkltmp4rS5wn.c.o  -L/home/maoz/Documents/Ariel/BigDataProjectDemo/node_modules/node-rdkafka/build/deps -lzstd: _mkltmp4rS5wn.c:2:10: fatal error: zstd.h: No such file or directory
 #include <zstd.h>
          ^~~~~~~~
compilation terminated.
DBG 11342: Setting libzstd (libzstd) status to failed (action disable)
DBG 11342: Check libzstd (WITH_ZSTD, action disable (originally disable)) failed: compile check failed:
CC: CC
flags: -lzstd
gcc  -g -O2 -fPIC -Wall -Wsign-compare -Wfloat-equal -Wpointer-arith -Wcast-align -Wall -Werror _mkltmp4rS5wn.c -o _mkltmp4rS5wn.c.o  -L/home/maoz/Documents/Ariel/BigDataProjectDemo/node_modules/node-rdkafka/build/deps -lzstd:
_mkltmp4rS5wn.c:2:10: fatal error: zstd.h: No such file or directory
 #include <zstd.h>
          ^~~~~~~~
compilation terminated.
source: 
#include <zstd.h>
#include <zstd_errors.h>

void foo (void) {
     ZSTD_getFrameContentSize(NULL, 0);
}

DBG 11342: libm: Check for static library (libs -lm, arfile variable STATIC_LIB_libm=, static filenames )
DBG 11342: Compile check libm () (sub=0): gcc  -g -O2 -fPIC -Wall -Wsign-compare -Wfloat-equal -Wpointer-arith -Wcast-align -Wall -Werror _mkltmpM81HOH.c -o _mkltmpM81HOH.c.o  -L/home/maoz/Documents/Ariel/BigDataProjectDemo/node_modules/node-rdkafka/build/deps -lm
DBG 11342: Setting libm (libm) status to ok (action disable)
DBG 11342: libm: from lib_check: LIBS: prepend -lm
DBG 11342: liblz4: Check for static library (libs -llz4, arfile variable STATIC_LIB_liblz4=, static filenames liblz4.a)
DBG 11342: Compile check liblz4 (WITH_LZ4_EXT) (sub=0): gcc  -g -O2 -fPIC -Wall -Wsign-compare -Wfloat-equal -Wpointer-arith -Wcast-align -Wall -Werror _mkltmpxOujsH.c -o _mkltmpxOujsH.c.o  -L/home/maoz/Documents/Ariel/BigDataProjectDemo/node_modules/node-rdkafka/build/deps -llz4
DBG 11342: compile check for liblz4 (WITH_LZ4_EXT) failed: gcc  -g -O2 -fPIC -Wall -Wsign-compare -Wfloat-equal -Wpointer-arith -Wcast-align -Wall -Werror _mkltmpxOujsH.c -o _mkltmpxOujsH.c.o  -L/home/maoz/Documents/Ariel/BigDataProjectDemo/node_modules/node-rdkafka/build/deps -llz4: _mkltmpxOujsH.c:1:10: fatal error: lz4frame.h: No such file or directory
 #include <lz4frame.h>
          ^~~~~~~~~~~~
compilation terminated.
DBG 11342: Setting liblz4 (liblz4) status to failed (action disable)
DBG 11342: Check liblz4 (WITH_LZ4_EXT, action disable (originally disable)) failed: compile check failed:
CC: CC
flags: -llz4
gcc  -g -O2 -fPIC -Wall -Wsign-compare -Wfloat-equal -Wpointer-arith -Wcast-align -Wall -Werror _mkltmpxOujsH.c -o _mkltmpxOujsH.c.o  -L/home/maoz/Documents/Ariel/BigDataProjectDemo/node_modules/node-rdkafka/build/deps -llz4:
_mkltmpxOujsH.c:1:10: fatal error: lz4frame.h: No such file or directory
 #include <lz4frame.h>
          ^~~~~~~~~~~~
compilation terminated.
source: #include <lz4frame.h>
DBG 11342: Compile check syslog (WITH_SYSLOG) (sub=0): gcc  -g -O2 -fPIC -Wall -Wsign-compare -Wfloat-equal -Wpointer-arith -Wcast-align -Wall -Werror _mkltmpvwERIa.c -o _mkltmpvwERIa.c.o  -L/home/maoz/Documents/Ariel/BigDataProjectDemo/node_modules/node-rdkafka/build/deps 
DBG 11342: Setting syslog (syslog) status to ok (action disable)
DBG 11342: Compile check rapidjson (WITH_RAPIDJSON) (sub=0): g++  -g -O2 -fPIC -Wall -Wsign-compare -Wfloat-equal -Wpointer-arith -Wcast-align -Wall -Werror _mkltmpH5HHDl.cpp -o _mkltmpH5HHDl.cpp.o  -L/home/maoz/Documents/Ariel/BigDataProjectDemo/node_modules/node-rdkafka/build/deps 
DBG 11342: compile check for rapidjson (WITH_RAPIDJSON) failed: g++  -g -O2 -fPIC -Wall -Wsign-compare -Wfloat-equal -Wpointer-arith -Wcast-align -Wall -Werror _mkltmpH5HHDl.cpp -o _mkltmpH5HHDl.cpp.o  -L/home/maoz/Documents/Ariel/BigDataProjectDemo/node_modules/node-rdkafka/build/deps : _mkltmpH5HHDl.cpp:1:10: fatal error: rapidjson/schema.h: No such file or directory
 #include <rapidjson/schema.h>
          ^~~~~~~~~~~~~~~~~~~~
compilation terminated.
DBG 11342: Setting rapidjson (rapidjson) status to failed (action disable)
DBG 11342: Check rapidjson (WITH_RAPIDJSON, action disable (originally disable)) failed: compile check failed:
CC: CXX
flags: 
g++  -g -O2 -fPIC -Wall -Wsign-compare -Wfloat-equal -Wpointer-arith -Wcast-align -Wall -Werror _mkltmpH5HHDl.cpp -o _mkltmpH5HHDl.cpp.o  -L/home/maoz/Documents/Ariel/BigDataProjectDemo/node_modules/node-rdkafka/build/deps :
_mkltmpH5HHDl.cpp:1:10: fatal error: rapidjson/schema.h: No such file or directory
 #include <rapidjson/schema.h>
          ^~~~~~~~~~~~~~~~~~~~
compilation terminated.
source: #include <rapidjson/schema.h>
DBG 11342: Compile check crc32chw (WITH_CRC32C_HW) (sub=0): gcc  -g -O2 -fPIC -Wall -Wsign-compare -Wfloat-equal -Wpointer-arith -Wcast-align -Wall -Werror _mkltmp9RuyjY.c -o _mkltmp9RuyjY.c.o  -L/home/maoz/Documents/Ariel/BigDataProjectDemo/node_modules/node-rdkafka/build/deps 
DBG 11342: Setting crc32chw (crc32chw) status to ok (action disable)
DBG 11342: Compile check regex (HAVE_REGEX) (sub=0): gcc  -g -O2 -fPIC -Wall -Wsign-compare -Wfloat-equal -Wpointer-arith -Wcast-align -Wall -Werror _mkltmpbkYnSD.c -o _mkltmpbkYnSD.c.o  -L/home/maoz/Documents/Ariel/BigDataProjectDemo/node_modules/node-rdkafka/build/deps 
DBG 11342: Setting regex (regex) status to ok (action disable)
DBG 11342: Compile check strndup (HAVE_STRNDUP) (sub=0): gcc  -g -O2 -fPIC -Wall -Wsign-compare -Wfloat-equal -Wpointer-arith -Wcast-align -Wall -Werror _mkltmp6TOawl.c -o _mkltmp6TOawl.c.o  -L/home/maoz/Documents/Ariel/BigDataProjectDemo/node_modules/node-rdkafka/build/deps 
DBG 11342: Setting strndup (strndup) status to ok (action disable)
DBG 11342: Compile check strlcpy (HAVE_STRLCPY) (sub=0): gcc  -g -O2 -fPIC -Wall -Wsign-compare -Wfloat-equal -Wpointer-arith -Wcast-align -Wall -Werror _mkltmpUZRgBv.c -o _mkltmpUZRgBv.c.o  -L/home/maoz/Documents/Ariel/BigDataProjectDemo/node_modules/node-rdkafka/build/deps 
DBG 11342: compile check for strlcpy (HAVE_STRLCPY) failed: gcc  -g -O2 -fPIC -Wall -Wsign-compare -Wfloat-equal -Wpointer-arith -Wcast-align -Wall -Werror _mkltmpUZRgBv.c -o _mkltmpUZRgBv.c.o  -L/home/maoz/Documents/Ariel/BigDataProjectDemo/node_modules/node-rdkafka/build/deps : _mkltmpUZRgBv.c: In function ‘foo’:
_mkltmpUZRgBv.c:6:11: error: implicit declaration of function ‘strlcpy’; did you mean ‘strncpy’? [-Werror=implicit-function-declaration]
    return strlcpy(dest, "something", sizeof(dest));
           ^~~~~~~
           strncpy
cc1: all warnings being treated as errors
DBG 11342: Setting strlcpy (strlcpy) status to failed (action disable)
DBG 11342: Check strlcpy (HAVE_STRLCPY, action disable (originally disable)) failed: compile check failed:
CC: CC
flags: 
gcc  -g -O2 -fPIC -Wall -Wsign-compare -Wfloat-equal -Wpointer-arith -Wcast-align -Wall -Werror _mkltmpUZRgBv.c -o _mkltmpUZRgBv.c.o  -L/home/maoz/Documents/Ariel/BigDataProjectDemo/node_modules/node-rdkafka/build/deps :
_mkltmpUZRgBv.c: In function ‘foo’:
_mkltmpUZRgBv.c:6:11: error: implicit declaration of function ‘strlcpy’; did you mean ‘strncpy’? [-Werror=implicit-function-declaration]
    return strlcpy(dest, "something", sizeof(dest));
           ^~~~~~~
           strncpy
cc1: all warnings being treated as errors
source: 
#define _DARWIN_C_SOURCE
#include <string.h>
int foo (void) {
    char dest[4];
   return strlcpy(dest, "something", sizeof(dest));
}
DBG 11342: Compile check strerror_r (HAVE_STRERROR_R) (sub=0): gcc  -g -O2 -fPIC -Wall -Wsign-compare -Wfloat-equal -Wpointer-arith -Wcast-align -Wall -Werror _mkltmps3BQZb.c -o _mkltmps3BQZb.c.o  -L/home/maoz/Documents/Ariel/BigDataProjectDemo/node_modules/node-rdkafka/build/deps 
DBG 11342: Setting strerror_r (strerror_r) status to ok (action disable)
DBG 11342: Compile check pthread_setname_gnu (HAVE_PTHREAD_SETNAME_GNU) (sub=0): gcc  -g -O2 -fPIC -Wall -Wsign-compare -Wfloat-equal -Wpointer-arith -Wcast-align -Wall -Werror _mkltmp6fVzHv.c -o _mkltmp6fVzHv.c.o  -L/home/maoz/Documents/Ariel/BigDataProjectDemo/node_modules/node-rdkafka/build/deps -D_GNU_SOURCE -lpthread
DBG 11342: Setting pthread_setname_gnu (pthread_setname_gnu) status to ok (action disable)
DBG 11342: Setting nm (nm) status to ok (action cont)
DBG 11342: Setting python3 (python3) status to ok (action disable)
DBG 11342: Compile check getrusage (HAVE_GETRUSAGE) (sub=0): gcc  -g -O2 -fPIC -Wall -Wsign-compare -Wfloat-equal -Wpointer-arith -Wcast-align -Wall -Werror _mkltmpt0rBs9.c -o _mkltmpt0rBs9.c.o  -L/home/maoz/Documents/Ariel/BigDataProjectDemo/node_modules/node-rdkafka/build/deps 
DBG 11342: Setting getrusage (getrusage) status to ok (action disable)
